<!DOCTYPE html PUBLIC "-//W3C//DTD XHTML 1.1//EN" "http://www.w3.org/TR/xhtml11/DTD/xhtml11.dtd">
<html xmlns="http://www.w3.org/1999/xhtml"><head><title>TestNG Report</title><style type="text/css">table {margin-bottom:10px;border-collapse:collapse;empty-cells:show}th,td {border:1px solid #009;padding:.25em .5em}th {vertical-align:bottom}td {vertical-align:top}table a {font-weight:bold}.stripe td {background-color: #E6EBF9}.num {text-align:right}.passedodd td {background-color: #3F3}.passedeven td {background-color: #0A0}.skippedodd td {background-color: #DDD}.skippedeven td {background-color: #CCC}.failedodd td,.attn {background-color: #F33}.failedeven td,.stripe .attn {background-color: #D00}.stacktrace {white-space:pre;font-family:monospace}.totop {font-size:85%;text-align:center;border-bottom:2px solid #000}</style></head><body><table><tr><th>Test</th><th># Passed</th><th># Skipped</th><th># Failed</th><th>Time (ms)</th><th>Included Groups</th><th>Excluded Groups</th></tr><tr><th colspan="7">example suite 1</th></tr><tr><td><a href="#t0">Test</a></td><td class="num">0</td><td class="num attn">3</td><td class="num attn">1</td><td class="num">334,868</td><td></td><td></td></tr></table><table><thead><tr><th>Class</th><th>Method</th><th>Start</th><th>Time (ms)</th></tr></thead><tbody><tr><th colspan="4">example suite 1</th></tr></tbody><tbody id="t0"><tr><th colspan="4">Test &#8212; failed (configuration methods)</th></tr><tr class="failedeven"><td rowspan="1">WebDriverTest.RecordTestingForMultipleRecords</td><td><a href="#m0">tearDown</a></td><td rowspan="1">1495983767078</td><td rowspan="1">0</td></tr><tr><th colspan="4">Test &#8212; failed</th></tr><tr class="failedeven"><td rowspan="1">WebDriverTest.RecordTestingForMultipleRecords</td><td><a href="#m1">insertOperation</a></td><td rowspan="1">1495983432266</td><td rowspan="1">334792</td></tr><tr><th colspan="4">Test &#8212; skipped (configuration methods)</th></tr><tr class="skippedeven"><td rowspan="1">WebDriverTest.RecordTestingForMultipleRecords</td><td><a href="#m2">oneTimeTearDown</a></td><td rowspan="1">1495983767125</td><td rowspan="1">0</td></tr><tr><th colspan="4">Test &#8212; skipped</th></tr><tr class="skippedeven"><td rowspan="3">WebDriverTest.RecordTestingForMultipleRecords</td><td><a href="#m3">deleteOperation</a></td><td rowspan="1">1495983767125</td><td rowspan="1">0</td></tr><tr class="skippedeven"><td><a href="#m4">refreshOperation</a></td><td rowspan="1">1495983767124</td><td rowspan="1">0</td></tr><tr class="skippedeven"><td><a href="#m5">updateOperation</a></td><td rowspan="1">1495983767122</td><td rowspan="1">0</td></tr></tbody></table><h2>Test</h2><h3 id="m0">WebDriverTest.RecordTestingForMultipleRecords#tearDown</h3><table class="result"><tr class="param"><th>Parameter #1</th></tr><tr class="param stripe"><td>[TestResult name=insertOperation status=FAILURE method=RecordTestingForMultipleRecords.insertOperation()[pri:0, instance:WebDriverTest.RecordTestingForMultipleRecords@4e9ba398] output={null}]</td></tr><tr><th>Exception</th></tr><tr><td><div class="stacktrace">org.openqa.selenium.UnhandledAlertException: unexpected alert open: {Alert text : If you exit you will lose all of your changes.}
  (Session info: chrome=57.0.2987.133)
  (Driver info: chromedriver=2.29.461591 (62ebf098771772160f391d75e589dc567915b233),platform=Windows NT 10.0.14393 x86_64) (WARNING: The server did not provide any stacktrace information)
Command duration or timeout: 12 milliseconds: null
Build info: version: &apos;2.45.0&apos;, revision: &apos;5017cb8&apos;, time: &apos;2015-02-26 23:59:50&apos;
System info: host: &apos;DESKTOP-SOD77OH&apos;, ip: &apos;192.168.1.4&apos;, os.name: &apos;Windows 10&apos;, os.arch: &apos;amd64&apos;, os.version: &apos;10.0&apos;, java.version: &apos;1.8.0_131&apos;
Driver info: org.openqa.selenium.chrome.ChromeDriver
Capabilities [{applicationCacheEnabled=false, rotatable=false, mobileEmulationEnabled=false, networkConnectionEnabled=false, chrome={chromedriverVersion=2.29.461591 (62ebf098771772160f391d75e589dc567915b233), userDataDir=C:\Users\Mazhar\AppData\Local\Temp\scoped_dir1728_13418}, takesHeapSnapshot=true, pageLoadStrategy=normal, databaseEnabled=false, handlesAlerts=true, hasTouchScreen=false, version=57.0.2987.133, platform=XP, browserConnectionEnabled=false, nativeEvents=true, acceptSslCerts=true, locationContextEnabled=true, webStorageEnabled=true, browserName=chrome, takesScreenshot=true, javascriptEnabled=true, cssSelectorsEnabled=true, unexpectedAlertBehaviour=}]
Session ID: 04d6c0a1cb83eaf9be5b9d1aa3229a87
	at org.openqa.selenium.remote.ErrorHandler.createThrowable(ErrorHandler.java:204)
	at org.openqa.selenium.remote.ErrorHandler.throwIfResponseFailed(ErrorHandler.java:162)
	at org.openqa.selenium.remote.RemoteWebDriver.execute(RemoteWebDriver.java:599)
	at org.openqa.selenium.remote.RemoteWebDriver.execute(RemoteWebDriver.java:622)
	at org.openqa.selenium.remote.RemoteWebDriver.getScreenshotAs(RemoteWebDriver.java:324)
	at util.CommonLibrary.capture(CommonLibrary.java:679)
	at WebDriverTest.RecordTestingForMultipleRecords.tearDown(RecordTestingForMultipleRecords.java:416)
... Removed 30 stack frames</div></td></tr></table><p class="totop"><a href="#summary">back to summary</a></p><h3 id="m1">WebDriverTest.RecordTestingForMultipleRecords#insertOperation</h3><table class="result"><tr><th>Exception</th></tr><tr><td><div class="stacktrace">org.openqa.selenium.UnhandledAlertException: unexpected alert open: {Alert text : If you exit you will lose all of your changes.}
  (Session info: chrome=57.0.2987.133)
  (Driver info: chromedriver=2.29.461591 (62ebf098771772160f391d75e589dc567915b233),platform=Windows NT 10.0.14393 x86_64) (WARNING: The server did not provide any stacktrace information)
Command duration or timeout: 4 milliseconds: null
Build info: version: &apos;2.45.0&apos;, revision: &apos;5017cb8&apos;, time: &apos;2015-02-26 23:59:50&apos;
System info: host: &apos;DESKTOP-SOD77OH&apos;, ip: &apos;192.168.1.4&apos;, os.name: &apos;Windows 10&apos;, os.arch: &apos;amd64&apos;, os.version: &apos;10.0&apos;, java.version: &apos;1.8.0_131&apos;
Driver info: org.openqa.selenium.chrome.ChromeDriver
Capabilities [{applicationCacheEnabled=false, rotatable=false, mobileEmulationEnabled=false, networkConnectionEnabled=false, chrome={chromedriverVersion=2.29.461591 (62ebf098771772160f391d75e589dc567915b233), userDataDir=C:\Users\Mazhar\AppData\Local\Temp\scoped_dir1728_13418}, takesHeapSnapshot=true, pageLoadStrategy=normal, databaseEnabled=false, handlesAlerts=true, hasTouchScreen=false, version=57.0.2987.133, platform=XP, browserConnectionEnabled=false, nativeEvents=true, acceptSslCerts=true, locationContextEnabled=true, webStorageEnabled=true, browserName=chrome, takesScreenshot=true, javascriptEnabled=true, cssSelectorsEnabled=true, unexpectedAlertBehaviour=}]
Session ID: 04d6c0a1cb83eaf9be5b9d1aa3229a87
	at org.openqa.selenium.remote.ErrorHandler.createThrowable(ErrorHandler.java:204)
	at org.openqa.selenium.remote.ErrorHandler.throwIfResponseFailed(ErrorHandler.java:162)
	at org.openqa.selenium.remote.RemoteWebDriver.execute(RemoteWebDriver.java:599)
	at org.openqa.selenium.remote.RemoteWebDriver.execute(RemoteWebDriver.java:622)
	at org.openqa.selenium.remote.RemoteWebDriver.getPageSource(RemoteWebDriver.java:459)
	at util.CommonLibrary.clickOn(CommonLibrary.java:602)
	at util.CommonLibrary.clickOn(CommonLibrary.java:604)
	at util.CommonLibrary.clickOn(CommonLibrary.java:604)
	at util.CommonLibrary.clickOn(CommonLibrary.java:604)
	at util.CommonLibrary.clickOn(CommonLibrary.java:604)
	at util.CommonLibrary.clickOn(CommonLibrary.java:604)
	at util.CommonLibrary.clickOn(CommonLibrary.java:604)
	at util.CommonLibrary.clickOn(CommonLibrary.java:604)
	at util.CommonLibrary.clickOn(CommonLibrary.java:604)
	at util.CommonLibrary.clickOn(CommonLibrary.java:604)
	at util.CommonLibrary.clickOn(CommonLibrary.java:604)
	at util.CommonLibrary.clickOn(CommonLibrary.java:604)
	at util.CommonLibrary.clickOn(CommonLibrary.java:604)
	at util.CommonLibrary.clickOn(CommonLibrary.java:604)
	at util.CommonLibrary.clickOn(CommonLibrary.java:604)
	at util.CommonLibrary.clickOn(CommonLibrary.java:604)
	at util.CommonLibrary.clickOn(CommonLibrary.java:604)
	at util.CommonLibrary.clickOn(CommonLibrary.java:604)
	at util.CommonLibrary.clickOn(CommonLibrary.java:604)
	at util.CommonLibrary.clickOn(CommonLibrary.java:604)
	at util.CommonLibrary.clickOn(CommonLibrary.java:604)
	at util.CommonLibrary.clickOn(CommonLibrary.java:604)
	at util.CommonLibrary.clickOn(CommonLibrary.java:604)
	at util.CommonLibrary.clickOn(CommonLibrary.java:604)
	at util.CommonLibrary.clickOn(CommonLibrary.java:604)
	at util.CommonLibrary.clickOn(CommonLibrary.java:604)
	at util.CommonLibrary.clickOn(CommonLibrary.java:604)
	at util.CommonLibrary.clickOn(CommonLibrary.java:604)
	at util.CommonLibrary.clickOn(CommonLibrary.java:604)
	at util.CommonLibrary.clickOn(CommonLibrary.java:604)
	at util.CommonLibrary.clickOn(CommonLibrary.java:604)
	at util.CommonLibrary.clickOn(CommonLibrary.java:604)
	at util.CommonLibrary.clickOn(CommonLibrary.java:604)
	at util.CommonLibrary.clickOn(CommonLibrary.java:604)
	at util.CommonLibrary.clickOn(CommonLibrary.java:604)
	at util.CommonLibrary.clickOn(CommonLibrary.java:604)
	at util.CommonLibrary.clickOn(CommonLibrary.java:604)
	at util.CommonLibrary.clickOn(CommonLibrary.java:604)
	at util.CommonLibrary.clickOn(CommonLibrary.java:604)
	at util.CommonLibrary.clickOn(CommonLibrary.java:604)
	at util.CommonLibrary.clickOn(CommonLibrary.java:604)
	at util.CommonLibrary.clickOn(CommonLibrary.java:604)
	at util.CommonLibrary.clickOn(CommonLibrary.java:604)
	at util.CommonLibrary.clickOn(CommonLibrary.java:604)
	at WebDriverTest.RecordTestingForMultipleRecords.loadTemplateAndPerformDataOperation(RecordTestingForMultipleRecords.java:182)
	at WebDriverTest.RecordTestingForMultipleRecords.insertOperation(RecordTestingForMultipleRecords.java:233)
... Removed 28 stack frames</div></td></tr></table><p class="totop"><a href="#summary">back to summary</a></p><h3 id="m2">WebDriverTest.RecordTestingForMultipleRecords#oneTimeTearDown</h3><table class="result"></table><p class="totop"><a href="#summary">back to summary</a></p><h3 id="m3">WebDriverTest.RecordTestingForMultipleRecords#deleteOperation</h3><table class="result"></table><p class="totop"><a href="#summary">back to summary</a></p><h3 id="m4">WebDriverTest.RecordTestingForMultipleRecords#refreshOperation</h3><table class="result"></table><p class="totop"><a href="#summary">back to summary</a></p><h3 id="m5">WebDriverTest.RecordTestingForMultipleRecords#updateOperation</h3><table class="result"></table><p class="totop"><a href="#summary">back to summary</a></p></body></html>