<?xml version="1.0" encoding="UTF-8"?>
<testng-results skipped="1" failed="1" total="2" passed="0">
  <reporter-output>
  </reporter-output>
  <suite name="example suite 1" duration-ms="66299" started-at="2017-05-25T06:21:41Z" finished-at="2017-05-25T06:22:48Z">
    <groups>
    </groups>
    <test name="Test" duration-ms="66299" started-at="2017-05-25T06:21:41Z" finished-at="2017-05-25T06:22:48Z">
      <class name="WebDriverTest.RecordTestingForMultipleRecords">
        <test-method status="PASS" signature="InitialSetup()[pri:0, instance:WebDriverTest.RecordTestingForMultipleRecords@9597028]" name="InitialSetup" is-config="true" duration-ms="108719" started-at="2017-05-25T11:49:53Z" finished-at="2017-05-25T11:51:41Z">
          <reporter-output>
          </reporter-output>
        </test-method> <!-- InitialSetup -->
        <test-method status="PASS" signature="before()[pri:0, instance:WebDriverTest.RecordTestingForMultipleRecords@9597028]" name="before" is-config="true" duration-ms="0" started-at="2017-05-25T11:51:41Z" finished-at="2017-05-25T11:51:41Z">
          <reporter-output>
          </reporter-output>
        </test-method> <!-- before -->
        <test-method status="FAIL" signature="insertOperation()[pri:0, instance:WebDriverTest.RecordTestingForMultipleRecords@9597028]" name="insertOperation" duration-ms="65626" started-at="2017-05-25T11:51:41Z" finished-at="2017-05-25T11:52:47Z">
          <exception class="org.openqa.selenium.NoSuchElementException">
            <message>
              <![CDATA[no such element: Unable to locate element: {"method":"css selector","selector":"a[title='Menu']"}
  (Session info: chrome=56.0.2924.87)
  (Driver info: chromedriver=2.27.440174 (e97a722caafc2d3a8b807ee115bfb307f7d2cfd9),platform=Windows NT 10.0.14393 x86_64) (WARNING: The server did not provide any stacktrace information)
Command duration or timeout: 20.08 seconds
For documentation on this error, please visit: http://seleniumhq.org/exceptions/no_such_element.html
Build info: version: '2.45.0', revision: '5017cb8', time: '2015-02-26 23:59:50'
System info: host: 'DESKTOP-SOD77OH', ip: '172.25.3.102', os.name: 'Windows 10', os.arch: 'amd64', os.version: '10.0', java.version: '1.8.0_131'
Driver info: org.openqa.selenium.chrome.ChromeDriver
Capabilities [{applicationCacheEnabled=false, rotatable=false, mobileEmulationEnabled=false, networkConnectionEnabled=false, chrome={chromedriverVersion=2.27.440174 (e97a722caafc2d3a8b807ee115bfb307f7d2cfd9), userDataDir=C:\Users\Mazhar\AppData\Local\Temp\scoped_dir14128_15265}, takesHeapSnapshot=true, pageLoadStrategy=normal, databaseEnabled=false, handlesAlerts=true, hasTouchScreen=false, version=56.0.2924.87, platform=XP, browserConnectionEnabled=false, nativeEvents=true, acceptSslCerts=true, locationContextEnabled=true, webStorageEnabled=true, browserName=chrome, takesScreenshot=true, javascriptEnabled=true, cssSelectorsEnabled=true, unexpectedAlertBehaviour=}]
Session ID: 2b3fe807532dca091216c8394b0ae163
*** Element info: {Using=css selector, value=a[title='Menu']}]]>
            </message>
            <full-stacktrace>
              <![CDATA[org.openqa.selenium.NoSuchElementException: no such element: Unable to locate element: {"method":"css selector","selector":"a[title='Menu']"}
  (Session info: chrome=56.0.2924.87)
  (Driver info: chromedriver=2.27.440174 (e97a722caafc2d3a8b807ee115bfb307f7d2cfd9),platform=Windows NT 10.0.14393 x86_64) (WARNING: The server did not provide any stacktrace information)
Command duration or timeout: 20.08 seconds
For documentation on this error, please visit: http://seleniumhq.org/exceptions/no_such_element.html
Build info: version: '2.45.0', revision: '5017cb8', time: '2015-02-26 23:59:50'
System info: host: 'DESKTOP-SOD77OH', ip: '172.25.3.102', os.name: 'Windows 10', os.arch: 'amd64', os.version: '10.0', java.version: '1.8.0_131'
Driver info: org.openqa.selenium.chrome.ChromeDriver
Capabilities [{applicationCacheEnabled=false, rotatable=false, mobileEmulationEnabled=false, networkConnectionEnabled=false, chrome={chromedriverVersion=2.27.440174 (e97a722caafc2d3a8b807ee115bfb307f7d2cfd9), userDataDir=C:\Users\Mazhar\AppData\Local\Temp\scoped_dir14128_15265}, takesHeapSnapshot=true, pageLoadStrategy=normal, databaseEnabled=false, handlesAlerts=true, hasTouchScreen=false, version=56.0.2924.87, platform=XP, browserConnectionEnabled=false, nativeEvents=true, acceptSslCerts=true, locationContextEnabled=true, webStorageEnabled=true, browserName=chrome, takesScreenshot=true, javascriptEnabled=true, cssSelectorsEnabled=true, unexpectedAlertBehaviour=}]
Session ID: 2b3fe807532dca091216c8394b0ae163
*** Element info: {Using=css selector, value=a[title='Menu']}
	at sun.reflect.NativeConstructorAccessorImpl.newInstance0(Native Method)
	at sun.reflect.NativeConstructorAccessorImpl.newInstance(Unknown Source)
	at sun.reflect.DelegatingConstructorAccessorImpl.newInstance(Unknown Source)
	at java.lang.reflect.Constructor.newInstance(Unknown Source)
	at org.openqa.selenium.remote.ErrorHandler.createThrowable(ErrorHandler.java:204)
	at org.openqa.selenium.remote.ErrorHandler.throwIfResponseFailed(ErrorHandler.java:156)
	at org.openqa.selenium.remote.RemoteWebDriver.execute(RemoteWebDriver.java:599)
	at org.openqa.selenium.remote.RemoteWebDriver.findElement(RemoteWebDriver.java:352)
	at org.openqa.selenium.remote.RemoteWebDriver.findElementByCssSelector(RemoteWebDriver.java:441)
	at org.openqa.selenium.By$ByCssSelector.findElement(By.java:426)
	at org.openqa.selenium.remote.RemoteWebDriver.findElement(RemoteWebDriver.java:344)
	at WebDriverTest.RecordTestingForMultipleRecords.loadTemplateAndPerformDataOperation(RecordTestingForMultipleRecords.java:136)
	at WebDriverTest.RecordTestingForMultipleRecords.insertOperation(RecordTestingForMultipleRecords.java:235)
	at sun.reflect.NativeMethodAccessorImpl.invoke0(Native Method)
	at sun.reflect.NativeMethodAccessorImpl.invoke(Unknown Source)
	at sun.reflect.DelegatingMethodAccessorImpl.invoke(Unknown Source)
	at java.lang.reflect.Method.invoke(Unknown Source)
	at org.testng.internal.MethodInvocationHelper.invokeMethod(MethodInvocationHelper.java:84)
	at org.testng.internal.Invoker.invokeMethod(Invoker.java:714)
	at org.testng.internal.Invoker.invokeTestMethod(Invoker.java:901)
	at org.testng.internal.Invoker.invokeTestMethods(Invoker.java:1231)
	at org.testng.internal.TestMethodWorker.invokeTestMethods(TestMethodWorker.java:127)
	at org.testng.internal.TestMethodWorker.run(TestMethodWorker.java:111)
	at org.testng.TestRunner.privateRun(TestRunner.java:767)
	at org.testng.TestRunner.run(TestRunner.java:617)
	at org.testng.SuiteRunner.runTest(SuiteRunner.java:334)
	at org.testng.SuiteRunner.runSequentially(SuiteRunner.java:329)
	at org.testng.SuiteRunner.privateRun(SuiteRunner.java:291)
	at org.testng.SuiteRunner.run(SuiteRunner.java:240)
	at org.testng.SuiteRunnerWorker.runSuite(SuiteRunnerWorker.java:52)
	at org.testng.SuiteRunnerWorker.run(SuiteRunnerWorker.java:86)
	at org.testng.TestNG.runSuitesSequentially(TestNG.java:1224)
	at org.testng.TestNG.runSuitesLocally(TestNG.java:1149)
	at org.testng.TestNG.run(TestNG.java:1057)
	at org.testng.remote.RemoteTestNG.run(RemoteTestNG.java:115)
	at org.testng.remote.RemoteTestNG.initAndRun(RemoteTestNG.java:207)
	at org.testng.remote.RemoteTestNG.main(RemoteTestNG.java:178)
]]>
            </full-stacktrace>
          </exception> <!-- org.openqa.selenium.NoSuchElementException -->
          <reporter-output>
          </reporter-output>
        </test-method> <!-- insertOperation -->
        <test-method status="PASS" signature="tearDown(org.testng.ITestResult)[pri:0, instance:WebDriverTest.RecordTestingForMultipleRecords@9597028]" name="tearDown" is-config="true" duration-ms="628" started-at="2017-05-25T11:52:47Z" finished-at="2017-05-25T11:52:48Z">
          <params>
            <param index="0">
              <value>
                <![CDATA[[TestResult name=insertOperation status=FAILURE method=RecordTestingForMultipleRecords.insertOperation()[pri:0, instance:WebDriverTest.RecordTestingForMultipleRecords@9597028] output={null}]]]>
              </value>
            </param>
          </params>
          <reporter-output>
          </reporter-output>
        </test-method> <!-- tearDown -->
        <test-method status="SKIP" signature="updateOperation()[pri:0, instance:WebDriverTest.RecordTestingForMultipleRecords@9597028]" name="updateOperation" duration-ms="0" started-at="2017-05-25T11:52:48Z" depends-on-methods="WebDriverTest.RecordTestingForMultipleRecords.insertOperation" finished-at="2017-05-25T11:52:48Z">
          <reporter-output>
          </reporter-output>
        </test-method> <!-- updateOperation -->
        <test-method status="PASS" signature="oneTimeTearDown()[pri:0, instance:WebDriverTest.RecordTestingForMultipleRecords@9597028]" name="oneTimeTearDown" is-config="true" duration-ms="2" started-at="2017-05-25T11:52:48Z" finished-at="2017-05-25T11:52:48Z">
          <reporter-output>
          </reporter-output>
        </test-method> <!-- oneTimeTearDown -->
      </class> <!-- WebDriverTest.RecordTestingForMultipleRecords -->
    </test> <!-- Test -->
  </suite> <!-- example suite 1 -->
</testng-results>
